###############################################################
#  Generated by:      Cadence Innovus 17.11-s080_1
#  OS:                Linux x86_64(Host ID isa)
#  Generated on:      Sat Nov 13 06:09:08 2021
#  Design:            IIR_ADV
#  Command:           summaryReport -noHtml -outfile summaryReport.rpt
###############################################################


==============================
General Design Information
==============================
Design Status: Routed  
Design Name: IIR_ADV  
# Instances: 9154  
# Hard Macros: 0  
# Std Cells: 9154  
    ------------------------------
    Standard Cells in Netlist
    ------------------------------
               Cell Type   Instance Count  Area (um^2)  
                 AND2_X1               16          17.0240  
                AOI21_X1               36          38.3040  
               AOI222_X1               48         102.1440  
                AOI22_X1                6           7.9800  
               CLKBUF_X2               13          13.8320  
               CLKBUF_X3                6           7.9800  
                 DFFR_X1              211        1122.5200  
                   FA_X1              533        2268.4480  
             FILLCELL_X1             4061        1080.2260  
            FILLCELL_X16               98         417.0880  
            FILLCELL_X32               13         110.6560  
             FILLCELL_X4             1536        1634.3040  
             FILLCELL_X8              464         987.3920  
                   HA_X1               36          95.7600  
                  INV_X1              245         130.3400  
                 MUX2_X1                6          11.1720  
                NAND2_X1              265         211.4700  
                NAND3_X1               12          12.7680  
                 NOR2_X1               36          28.7280  
                OAI21_X1              252         268.1280  
               OAI222_X1               12          25.5360  
                OAI22_X1              534         710.2200  
                  OR2_X1                7           7.4480  
                  OR3_X1               24          31.9200  
                XNOR2_X1              613         978.3480  
                 XOR2_X1               41          65.4360  
                 XOR2_X2               30          71.8200  
# Pads: 0  
# Net: 3860  
# Special Net: 2  
# IO Pins: 
    ------------------------------
    Issued IO Information
    ------------------------------
    # Unplaced IO Pin  
        ------------------------------
        Unplaced IO
        ------------------------------
            Unplaced IO Name  
                     DOUT[0]  
                     DOUT[1]  
                     DOUT[2]  
                     DOUT[3]  
                     DOUT[4]  
                     DOUT[5]  
                     DOUT[6]  
                     DOUT[7]  
                     DOUT[8]  
                     DOUT[9]  
                    DOUT[10]  
                    DOUT[11]  
                    DOUT[12]  
                    DOUT[13]  
                        VOUT  
                       A2[0]  
                       A2[1]  
                       A2[2]  
                       A2[3]  
                       A2[4]  
                       A2[5]  
                       A2[6]  
                       A2[7]  
                       A2[8]  
                       A2[9]  
                      A2[10]  
                      A2[11]  
                      A2[12]  
                      A2[13]  
                       A1[0]  
                       A1[1]  
                       A1[2]  
                       A1[3]  
                       A1[4]  
                       A1[5]  
                       A1[6]  
                       A1[7]  
                       A1[8]  
                       A1[9]  
                      A1[10]  
                      A1[11]  
                      A1[12]  
                      A1[13]  
                       B3[0]  
                       B3[1]  
                       B3[2]  
                       B3[3]  
                       B3[4]  
                       B3[5]  
                       B3[6]  
                       B3[7]  
                       B3[8]  
                       B3[9]  
                      B3[10]  
                      B3[11]  
                      B3[12]  
                      B3[13]  
                       B2[0]  
                       B2[1]  
                       B2[2]  
                       B2[3]  
                       B2[4]  
                       B2[5]  
                       B2[6]  
                       B2[7]  
                       B2[8]  
                       B2[9]  
                      B2[10]  
                      B2[11]  
                      B2[12]  
                      B2[13]  
                       B1[0]  
                       B1[1]  
                       B1[2]  
                       B1[3]  
                       B1[4]  
                       B1[5]  
                       B1[6]  
                       B1[7]  
                       B1[8]  
                       B1[9]  
                      B1[10]  
                      B1[11]  
                      B1[12]  
                      B1[13]  
                       B0[0]  
                       B0[1]  
                       B0[2]  
                       B0[3]  
                       B0[4]  
                       B0[5]  
                       B0[6]  
                       B0[7]  
                       B0[8]  
                       B0[9]  
                      B0[10]  
                      B0[11]  
                      B0[12]  
                      B0[13]  
                      DIN[0]  
                      DIN[1]  
                      DIN[2]  
                      DIN[3]  
                      DIN[4]  
                      DIN[5]  
                      DIN[6]  
                      DIN[7]  
                      DIN[8]  
                      DIN[9]  
                     DIN[10]  
                     DIN[11]  
                     DIN[12]  
                     DIN[13]  
                         VIN  
                       RST_n  
                         CLK  116  
    # Floating IO  0  
    # IO Connected to Non-IO Inst  
        ------------------------------
        IO Connected to Non-IO Inst
        ------------------------------
                     IO Name      Non-IO Inst Name  
                     DOUT[0]          s8_add_21_U2  
                     DOUT[1]        s8_add_21_U1_1  
                     DOUT[2]        s8_add_21_U1_2  
                     DOUT[3]        s8_add_21_U1_3  
                     DOUT[4]        s8_add_21_U1_4  
                     DOUT[5]        s8_add_21_U1_5  
                     DOUT[6]        s8_add_21_U1_6  
                     DOUT[7]        s8_add_21_U1_7  
                     DOUT[8]        s8_add_21_U1_8  
                     DOUT[9]        s8_add_21_U1_9  
                    DOUT[10]       s8_add_21_U1_10  
                    DOUT[11]       s8_add_21_U1_11  
                    DOUT[12]       s8_add_21_U1_12  
                    DOUT[13]       s8_add_21_U1_13  
                        VOUT              VOUT_reg  
                       A2[0]      p10_mult_21_U682  
                       A2[1]      p10_mult_21_U689  
                       A2[2]      p10_mult_21_U686  
                       A2[3]      p10_mult_21_U614  
                       A2[4]      p10_mult_21_U613  
                       A2[5]      p10_mult_21_U583  
                       A2[6]      p10_mult_21_U585  
                       A2[7]      p10_mult_21_U587  
                       A2[8]      p10_mult_21_U589  
                       A2[9]      p10_mult_21_U611  
                      A2[10]      p10_mult_21_U610  
                      A2[11]      p10_mult_21_U596  
                      A2[12]      p10_mult_21_U654  
                      A2[13]      p10_mult_21_U647  
                       A1[0]      p11_mult_21_U682  
                       A1[1]      p11_mult_21_U689  
                       A1[2]      p11_mult_21_U686  
                       A1[3]      p11_mult_21_U614  
                       A1[4]      p11_mult_21_U613  
                       A1[5]      p11_mult_21_U583  
                       A1[6]      p11_mult_21_U585  
                       A1[7]      p11_mult_21_U587  
                       A1[8]      p11_mult_21_U589  
                       A1[9]      p11_mult_21_U611  
                      A1[10]      p11_mult_21_U610  
                      A1[11]      p11_mult_21_U596  
                      A1[12]      p11_mult_21_U654  
                      A1[13]      p11_mult_21_U647  
                       B3[0]       p9_mult_21_U682  
                       B3[1]       p9_mult_21_U689  
                       B3[2]       p9_mult_21_U686  
                       B3[3]       p9_mult_21_U614  
                       B3[4]       p9_mult_21_U613  
                       B3[5]       p9_mult_21_U583  
                       B3[6]       p9_mult_21_U585  
                       B3[7]       p9_mult_21_U587  
                       B3[8]       p9_mult_21_U589  
                       B3[9]       p9_mult_21_U611  
                      B3[10]       p9_mult_21_U610  
                      B3[11]       p9_mult_21_U596  
                      B3[12]       p9_mult_21_U654  
                      B3[13]       p9_mult_21_U647  
                       B2[0]       p8_mult_21_U682  
                       B2[1]       p8_mult_21_U689  
                       B2[2]       p8_mult_21_U686  
                       B2[3]       p8_mult_21_U614  
                       B2[4]       p8_mult_21_U613  
                       B2[5]       p8_mult_21_U583  
                       B2[6]       p8_mult_21_U585  
                       B2[7]       p8_mult_21_U587  
                       B2[8]       p8_mult_21_U589  
                       B2[9]       p8_mult_21_U611  
                      B2[10]       p8_mult_21_U610  
                      B2[11]       p8_mult_21_U596  
                      B2[12]       p8_mult_21_U654  
                      B2[13]       p8_mult_21_U647  
                       B1[0]       p7_mult_21_U682  
                       B1[1]       p7_mult_21_U689  
                       B1[2]       p7_mult_21_U686  
                       B1[3]       p7_mult_21_U614  
                       B1[4]       p7_mult_21_U613  
                       B1[5]       p7_mult_21_U583  
                       B1[6]       p7_mult_21_U585  
                       B1[7]       p7_mult_21_U587  
                       B1[8]       p7_mult_21_U589  
                       B1[9]       p7_mult_21_U611  
                      B1[10]       p7_mult_21_U610  
                      B1[11]       p7_mult_21_U596  
                      B1[12]       p7_mult_21_U654  
                      B1[13]       p7_mult_21_U647  
                       B0[0]       p6_mult_21_U682  
                       B0[1]       p6_mult_21_U689  
                       B0[2]       p6_mult_21_U686  
                       B0[3]       p6_mult_21_U614  
                       B0[4]       p6_mult_21_U613  
                       B0[5]       p6_mult_21_U583  
                       B0[6]       p6_mult_21_U585  
                       B0[7]       p6_mult_21_U587  
                       B0[8]       p6_mult_21_U589  
                       B0[9]       p6_mult_21_U611  
                      B0[10]       p6_mult_21_U610  
                      B0[11]       p6_mult_21_U596  
                      B0[12]       p6_mult_21_U654  
                      B0[13]       p6_mult_21_U647  
                      DIN[0]                   U35  
                      DIN[1]                   U41  
                      DIN[2]                   U37  
                      DIN[3]                   U39  
                      DIN[4]                   U43  
                      DIN[5]                   U45  
                      DIN[6]                   U47  
                      DIN[7]                   U49  
                      DIN[8]                   U51  
                      DIN[9]                   U53  
                     DIN[10]                   U55  
                     DIN[11]                   U57  
                     DIN[12]                   U59  
                     DIN[13]                   U61  
                         VIN          FE_OFC12_VIN  
                       RST_n         FE_OFC8_RST_n  
                         CLK           xin_reg_13_  116  116  
# Pins: 
    ------------------------------
    Correctness of Pin Connectivity for All Instances
    ------------------------------
    # Floating Terms  0  
    # Output Term Marked Tie Hi/Lo  0  
    # Output Term Shorted to PG Net  0  11851  
# PG Pins: 
    ------------------------------
    Correctness of PG Pin Connectivity for All Instances
    ------------------------------
    # Instances that No Net Defined for Any PG Pin  0  
    # Floating PG Terms  0  
    # PG Pins Connect to Non-PG Net  0  
    # Power Pins Connect Ground Net  0  
    # Ground Pins Connect Power Net  0  18308  
Average Pins Per Net(Signal): 3.070  

==============================
General Library Information
==============================
# Routing Layers: 10  
# Masterslice Layers: 2  
# Pin Layers: 
    General Caution:
        1) Library has metal1 pins only; Default placement setup is OK
    ------------------------------
    Pin Layers
    ------------------------------
    metal1  1  
# Layers: 
    ------------------------------
    Layer OVERLAP Information
    ------------------------------
    Type  Overlap  
    ------------------------------
    Layer OVERLAP InformationLayer metal10 Information
    ------------------------------
    Type  Routing  
    Wire Pitch X  1.600 um  
    Wire Pitch Y  1.600 um  
    Offset X  0.095 um  
    Offset Y  0.070 um  
    Wire Width  0.800 um  
    Spacing  0.800 um  
    ------------------------------
    Layer OVERLAP InformationLayer metal10 InformationLayer via9 Information
    ------------------------------
    Type  Cut  
    Wire Width  0.800 um  
    Vias  
        ------------------------------
        Via list in layer via9
        ------------------------------
                Vias in via9  Default  
                      via9_0      Yes  For complete list click here  
    Multiple Orientation Vias  CAUTION: There is only one default via in this layer  
    ------------------------------
    Layer OVERLAP InformationLayer metal10 InformationLayer via9 InformationLayer metal9 Information
    ------------------------------
    Type  Routing  
    Wire Pitch X  1.600 um  
    Wire Pitch Y  1.600 um  
    Offset X  0.095 um  
    Offset Y  0.070 um  
    Wire Width  0.800 um  
    Spacing  0.800 um  
    ------------------------------
    Layer OVERLAP InformationLayer metal10 InformationLayer via9 InformationLayer metal9 InformationLayer via8 Information
    ------------------------------
    Type  Cut  
    Wire Width  0.400 um  
    Vias  
        ------------------------------
        Via list in layer via8
        ------------------------------
                Vias in via8  Default  
                      via8_0      Yes  For complete list click here  
    Multiple Orientation Vias  CAUTION: There is only one default via in this layer  
    ------------------------------
    Layer OVERLAP InformationLayer metal10 InformationLayer via9 InformationLayer metal9 InformationLayer via8 InformationLayer metal8 Information
    ------------------------------
    Type  Routing  
    Wire Pitch X  0.800 um  
    Wire Pitch Y  0.800 um  
    Offset X  0.095 um  
    Offset Y  0.070 um  
    Wire Width  0.400 um  
    Spacing  0.400 um  
    ------------------------------
    Layer OVERLAP InformationLayer metal10 InformationLayer via9 InformationLayer metal9 InformationLayer via8 InformationLayer metal8 InformationLayer via7 Information
    ------------------------------
    Type  Cut  
    Wire Width  0.400 um  
    Vias  
        ------------------------------
        Via list in layer via7
        ------------------------------
                Vias in via7  Default  
                      via7_0      Yes  For complete list click here  
    Multiple Orientation Vias  CAUTION: There is only one default via in this layer  
    ------------------------------
    Layer OVERLAP InformationLayer metal10 InformationLayer via9 InformationLayer metal9 InformationLayer via8 InformationLayer metal8 InformationLayer via7 InformationLayer metal7 Information
    ------------------------------
    Type  Routing  
    Wire Pitch X  0.800 um  
    Wire Pitch Y  0.800 um  
    Offset X  0.095 um  
    Offset Y  0.070 um  
    Wire Width  0.400 um  
    Spacing  0.400 um  
    ------------------------------
    Layer OVERLAP InformationLayer metal10 InformationLayer via9 InformationLayer metal9 InformationLayer via8 InformationLayer metal8 InformationLayer via7 InformationLayer metal7 InformationLayer via6 Information
    ------------------------------
    Type  Cut  
    Wire Width  0.140 um  
    Vias  
        ------------------------------
        Via list in layer via6
        ------------------------------
                Vias in via6  Default  
                      via6_0      Yes  For complete list click here  
    Multiple Orientation Vias  CAUTION: There is only one default via in this layer  
    ------------------------------
    Layer OVERLAP InformationLayer metal10 InformationLayer via9 InformationLayer metal9 InformationLayer via8 InformationLayer metal8 InformationLayer via7 InformationLayer metal7 InformationLayer via6 InformationLayer metal6 Information
    ------------------------------
    Type  Routing  
    Wire Pitch X  0.280 um  
    Wire Pitch Y  0.280 um  
    Offset X  0.095 um  
    Offset Y  0.070 um  
    Wire Width  0.140 um  
    Spacing  0.140 um  
    ------------------------------
    Layer OVERLAP InformationLayer metal10 InformationLayer via9 InformationLayer metal9 InformationLayer via8 InformationLayer metal8 InformationLayer via7 InformationLayer metal7 InformationLayer via6 InformationLayer metal6 InformationLayer via5 Information
    ------------------------------
    Type  Cut  
    Wire Width  0.140 um  
    Vias  
        ------------------------------
        Via list in layer via5
        ------------------------------
                Vias in via5  Default  
                      via5_0      Yes  For complete list click here  
    Multiple Orientation Vias  CAUTION: There is only one default via in this layer  
    ------------------------------
    Layer OVERLAP InformationLayer metal10 InformationLayer via9 InformationLayer metal9 InformationLayer via8 InformationLayer metal8 InformationLayer via7 InformationLayer metal7 InformationLayer via6 InformationLayer metal6 InformationLayer via5 InformationLayer metal5 Information
    ------------------------------
    Type  Routing  
    Wire Pitch X  0.280 um  
    Wire Pitch Y  0.280 um  
    Offset X  0.095 um  
    Offset Y  0.070 um  
    Wire Width  0.140 um  
    Spacing  0.140 um  
    ------------------------------
    Layer OVERLAP InformationLayer metal10 InformationLayer via9 InformationLayer metal9 InformationLayer via8 InformationLayer metal8 InformationLayer via7 InformationLayer metal7 InformationLayer via6 InformationLayer metal6 InformationLayer via5 InformationLayer metal5 InformationLayer via4 Information
    ------------------------------
    Type  Cut  
    Wire Width  0.140 um  
    Vias  
        ------------------------------
        Via list in layer via4
        ------------------------------
                Vias in via4  Default  
                      via4_0      Yes  For complete list click here  
    Multiple Orientation Vias  CAUTION: There is only one default via in this layer  
    ------------------------------
    Layer OVERLAP InformationLayer metal10 InformationLayer via9 InformationLayer metal9 InformationLayer via8 InformationLayer metal8 InformationLayer via7 InformationLayer metal7 InformationLayer via6 InformationLayer metal6 InformationLayer via5 InformationLayer metal5 InformationLayer via4 InformationLayer metal4 Information
    ------------------------------
    Type  Routing  
    Wire Pitch X  0.280 um  
    Wire Pitch Y  0.280 um  
    Offset X  0.095 um  
    Offset Y  0.070 um  
    Wire Width  0.140 um  
    Spacing  0.140 um  
    ------------------------------
    Layer OVERLAP InformationLayer metal10 InformationLayer via9 InformationLayer metal9 InformationLayer via8 InformationLayer metal8 InformationLayer via7 InformationLayer metal7 InformationLayer via6 InformationLayer metal6 InformationLayer via5 InformationLayer metal5 InformationLayer via4 InformationLayer metal4 InformationLayer via3 Information
    ------------------------------
    Type  Cut  
    Wire Width  0.070 um  
    Vias  
        ------------------------------
        Via list in layer via3
        ------------------------------
                Vias in via3  Default  
                      via3_1      Yes  
                      via3_0      Yes  
                      via3_2      Yes  For complete list click here  
    ------------------------------
    Layer OVERLAP InformationLayer metal10 InformationLayer via9 InformationLayer metal9 InformationLayer via8 InformationLayer metal8 InformationLayer via7 InformationLayer metal7 InformationLayer via6 InformationLayer metal6 InformationLayer via5 InformationLayer metal5 InformationLayer via4 InformationLayer metal4 InformationLayer via3 InformationLayer metal3 Information
    ------------------------------
    Type  Routing  
    Wire Pitch X  0.140 um  
    Wire Pitch Y  0.140 um  
    Offset X  0.095 um  
    Offset Y  0.070 um  
    Wire Width  0.070 um  
    Spacing  0.070 um  
    ------------------------------
    Layer OVERLAP InformationLayer metal10 InformationLayer via9 InformationLayer metal9 InformationLayer via8 InformationLayer metal8 InformationLayer via7 InformationLayer metal7 InformationLayer via6 InformationLayer metal6 InformationLayer via5 InformationLayer metal5 InformationLayer via4 InformationLayer metal4 InformationLayer via3 InformationLayer metal3 InformationLayer via2 Information
    ------------------------------
    Type  Cut  
    Wire Width  0.070 um  
    Vias  
        ------------------------------
        Via list in layer via2
        ------------------------------
                Vias in via2  Default  
                      via2_3      Yes  
                      via2_2      Yes  
                      via2_1      Yes  
                      via2_0      Yes  
                      via2_6      Yes  
                      via2_7      Yes  
                      via2_5      Yes  
                      via2_4      Yes  
                      via2_8      Yes  For complete list click here  
    ------------------------------
    Layer OVERLAP InformationLayer metal10 InformationLayer via9 InformationLayer metal9 InformationLayer via8 InformationLayer metal8 InformationLayer via7 InformationLayer metal7 InformationLayer via6 InformationLayer metal6 InformationLayer via5 InformationLayer metal5 InformationLayer via4 InformationLayer metal4 InformationLayer via3 InformationLayer metal3 InformationLayer via2 InformationLayer metal2 Information
    ------------------------------
    Type  Routing  
    Wire Pitch X  0.190 um  
    Wire Pitch Y  0.190 um  
    Offset X  0.095 um  
    Offset Y  0.070 um  
    Wire Width  0.070 um  
    Spacing  0.070 um  
    ------------------------------
    Layer OVERLAP InformationLayer metal10 InformationLayer via9 InformationLayer metal9 InformationLayer via8 InformationLayer metal8 InformationLayer via7 InformationLayer metal7 InformationLayer via6 InformationLayer metal6 InformationLayer via5 InformationLayer metal5 InformationLayer via4 InformationLayer metal4 InformationLayer via3 InformationLayer metal3 InformationLayer via2 InformationLayer metal2 InformationLayer via1 Information
    ------------------------------
    Type  Cut  
    Wire Width  0.070 um  
    Vias  
        ------------------------------
        Via list in layer via1
        ------------------------------
                Vias in via1  Default  
                      via1_8      Yes  
                      via1_7      Yes  
                      via1_6      Yes  
                      via1_5      Yes  
                      via1_3      Yes  
                      via1_2      Yes  
                      via1_1      Yes  
                      via1_0      Yes  
                      via1_4      Yes  For complete list click here  
    ------------------------------
    Layer OVERLAP InformationLayer metal10 InformationLayer via9 InformationLayer metal9 InformationLayer via8 InformationLayer metal8 InformationLayer via7 InformationLayer metal7 InformationLayer via6 InformationLayer metal6 InformationLayer via5 InformationLayer metal5 InformationLayer via4 InformationLayer metal4 InformationLayer via3 InformationLayer metal3 InformationLayer via2 InformationLayer metal2 InformationLayer via1 InformationLayer metal1 Information
    ------------------------------
    Type  Routing  
    Wire Pitch X  0.140 um  
    Wire Pitch Y  0.140 um  
    Offset X  0.095 um  
    Offset Y  0.070 um  
    Wire Width  0.070 um  
    Spacing  0.065 um  
    ------------------------------
    Layer OVERLAP InformationLayer metal10 InformationLayer via9 InformationLayer metal9 InformationLayer via8 InformationLayer metal8 InformationLayer via7 InformationLayer metal7 InformationLayer via6 InformationLayer metal6 InformationLayer via5 InformationLayer metal5 InformationLayer via4 InformationLayer metal4 InformationLayer via3 InformationLayer metal3 InformationLayer via2 InformationLayer metal2 InformationLayer via1 InformationLayer metal1 InformationLayer active Information
    ------------------------------
    Type  Masterslice  
    ------------------------------
    Layer OVERLAP InformationLayer metal10 InformationLayer via9 InformationLayer metal9 InformationLayer via8 InformationLayer metal8 InformationLayer via7 InformationLayer metal7 InformationLayer via6 InformationLayer metal6 InformationLayer via5 InformationLayer metal5 InformationLayer via4 InformationLayer metal4 InformationLayer via3 InformationLayer metal3 InformationLayer via2 InformationLayer metal2 InformationLayer via1 InformationLayer metal1 InformationLayer active InformationLayer poly Information
    ------------------------------
    Type  Masterslice  22  
# Pins without Physical Port: 0  
# Pins in Library without Timing Lib: 0  
# Pins Missing Direction: 0  
Antenna Summary Report: 
    General Caution:
        1) All Antenna Constructs are absent for the layer section of LEF.
    ------------------------------
    These Pins have antenna info
    ------------------------------
               Cell Name      List of Pin Name  
                 AND2_X1                    ZN  
                 AND2_X1                    A2  
                 AND2_X1                    A1  
                 AND2_X2                    ZN  
                 AND2_X2                    A2  
                 AND2_X2                    A1  
                 AND2_X4                    ZN  
                 AND2_X4                    A2  
                 AND2_X4                    A1  
                 AND3_X1                    ZN  
                 AND3_X1                    A3  
                 AND3_X1                    A2  
                 AND3_X1                    A1  
                 AND3_X2                    ZN  
                 AND3_X2                    A3  
                 AND3_X2                    A2  
                 AND3_X2                    A1  
                 AND3_X4                    ZN  
                 AND3_X4                    A3  
                 AND3_X4                    A2  
                 AND3_X4                    A1  
                 AND4_X1                    ZN  
                 AND4_X1                    A4  
                 AND4_X1                    A3  
                 AND4_X1                    A2  
                 AND4_X1                    A1  
                 AND4_X2                    ZN  
                 AND4_X2                    A4  
                 AND4_X2                    A3  
                 AND4_X2                    A2  
                 AND4_X2                    A1  
                 AND4_X4                    ZN  
                 AND4_X4                    A4  
                 AND4_X4                    A3  
                 AND4_X4                    A2  
                 AND4_X4                    A1  
              ANTENNA_X1                     A  
               AOI211_X1                    ZN  
               AOI211_X1                    C2  
               AOI211_X1                    C1  
               AOI211_X1                     B  
               AOI211_X1                     A  
               AOI211_X2                    ZN  
               AOI211_X2                    C2  
               AOI211_X2                    C1  
               AOI211_X2                     B  
               AOI211_X2                     A  
               AOI211_X4                    ZN  
               AOI211_X4                    C2  
               AOI211_X4                    C1  
               AOI211_X4                     B  
               AOI211_X4                     A  
                AOI21_X1                    ZN  
                AOI21_X1                    B2  
                AOI21_X1                    B1  
                AOI21_X1                     A  
                AOI21_X2                    ZN  
                AOI21_X2                    B2  
                AOI21_X2                    B1  
                AOI21_X2                     A  
                AOI21_X4                    ZN  
                AOI21_X4                    B2  
                AOI21_X4                    B1  
                AOI21_X4                     A  
               AOI221_X1                    ZN  
               AOI221_X1                    C2  
               AOI221_X1                    C1  
               AOI221_X1                    B2  
               AOI221_X1                    B1  
               AOI221_X1                     A  
               AOI221_X2                    ZN  
               AOI221_X2                    C2  
               AOI221_X2                    C1  
               AOI221_X2                    B2  
               AOI221_X2                    B1  
               AOI221_X2                     A  
               AOI221_X4                    ZN  
               AOI221_X4                    C2  
               AOI221_X4                    C1  
               AOI221_X4                    B2  
               AOI221_X4                    B1  
               AOI221_X4                     A  
               AOI222_X1                    ZN  
               AOI222_X1                    C2  
               AOI222_X1                    C1  
               AOI222_X1                    B2  
               AOI222_X1                    B1  
               AOI222_X1                    A2  
               AOI222_X1                    A1  
               AOI222_X2                    ZN  
               AOI222_X2                    C2  
               AOI222_X2                    C1  
               AOI222_X2                    B2  
               AOI222_X2                    B1  
               AOI222_X2                    A2  
               AOI222_X2                    A1  
               AOI222_X4                    ZN  
               AOI222_X4                    C2  
               AOI222_X4                    C1  
               AOI222_X4                    B2  
               AOI222_X4                    B1  
               AOI222_X4                    A2  
               AOI222_X4                    A1  
                AOI22_X1                    ZN  
                AOI22_X1                    B2  
                AOI22_X1                    B1  
                AOI22_X1                    A2  
                AOI22_X1                    A1  
                AOI22_X2                    ZN  
                AOI22_X2                    B2  
                AOI22_X2                    B1  
                AOI22_X2                    A2  
                AOI22_X2                    A1  
                AOI22_X4                    ZN  
                AOI22_X4                    B2  
                AOI22_X4                    B1  
                AOI22_X4                    A2  
                AOI22_X4                    A1  
                  BUF_X1                     Z  
                  BUF_X1                     A  
                 BUF_X16                     Z  
                 BUF_X16                     A  
                  BUF_X2                     Z  
                  BUF_X2                     A  
                 BUF_X32                     Z  
                 BUF_X32                     A  
                  BUF_X4                     Z  
                  BUF_X4                     A  
                  BUF_X8                     Z  
                  BUF_X8                     A  
               CLKBUF_X1                     Z  
               CLKBUF_X1                     A  
               CLKBUF_X2                     Z  
               CLKBUF_X2                     A  
               CLKBUF_X3                     Z  
               CLKBUF_X3                     A  
           CLKGATETST_X1                   GCK  
           CLKGATETST_X1                    SE  
           CLKGATETST_X1                     E  
           CLKGATETST_X1                    CK  
           CLKGATETST_X2                   GCK  
           CLKGATETST_X2                    SE  
           CLKGATETST_X2                     E  
           CLKGATETST_X2                    CK  
           CLKGATETST_X4                   GCK  
           CLKGATETST_X4                    SE  
           CLKGATETST_X4                     E  
           CLKGATETST_X4                    CK  
           CLKGATETST_X8                   GCK  
           CLKGATETST_X8                    SE  
           CLKGATETST_X8                     E  
           CLKGATETST_X8                    CK  
              CLKGATE_X1                   GCK  
              CLKGATE_X1                     E  
              CLKGATE_X1                    CK  
              CLKGATE_X2                   GCK  
              CLKGATE_X2                     E  
              CLKGATE_X2                    CK  
              CLKGATE_X4                   GCK  
              CLKGATE_X4                     E  
              CLKGATE_X4                    CK  
              CLKGATE_X8                   GCK  
              CLKGATE_X8                     E  
              CLKGATE_X8                    CK  
                DFFRS_X1                    QN  
                DFFRS_X1                     Q  
                DFFRS_X1                    CK  
                DFFRS_X1                    SN  
                DFFRS_X1                    RN  
                DFFRS_X1                     D  
                DFFRS_X2                    QN  
                DFFRS_X2                     Q  
                DFFRS_X2                    CK  
                DFFRS_X2                    SN  
                DFFRS_X2                    RN  
                DFFRS_X2                     D  
                 DFFR_X1                    QN  
                 DFFR_X1                     Q  
                 DFFR_X1                    CK  
                 DFFR_X1                    RN  
                 DFFR_X1                     D  
                 DFFR_X2                    QN  
                 DFFR_X2                     Q  
                 DFFR_X2                    CK  
                 DFFR_X2                    RN  
                 DFFR_X2                     D  
                 DFFS_X1                    QN  
                 DFFS_X1                     Q  
                 DFFS_X1                    CK  
                 DFFS_X1                    SN  
                 DFFS_X1                     D  
                 DFFS_X2                    QN  
                 DFFS_X2                     Q  
                 DFFS_X2                    CK  
                 DFFS_X2                    SN  
                 DFFS_X2                     D  
                  DFF_X1                    QN  
                  DFF_X1                     Q  
                  DFF_X1                    CK  
                  DFF_X1                     D  
                  DFF_X2                    QN  
                  DFF_X2                     Q  
                  DFF_X2                    CK  
                  DFF_X2                     D  
                  DLH_X1                     Q  
                  DLH_X1                     G  
                  DLH_X1                     D  
                  DLH_X2                     Q  
                  DLH_X2                     G  
                  DLH_X2                     D  
                  DLL_X1                     Q  
                  DLL_X1                    GN  
                  DLL_X1                     D  
                  DLL_X2                     Q  
                  DLL_X2                    GN  
                  DLL_X2                     D  
                   FA_X1                     S  
                   FA_X1                    CO  
                   FA_X1                    CI  
                   FA_X1                     B  
                   FA_X1                     A  
                   HA_X1                     S  
                   HA_X1                    CO  
                   HA_X1                     B  
                   HA_X1                     A  
                  INV_X1                    ZN  
                  INV_X1                     A  
                 INV_X16                    ZN  
                 INV_X16                     A  
                  INV_X2                    ZN  
                  INV_X2                     A  
                 INV_X32                    ZN  
                 INV_X32                     A  
                  INV_X4                    ZN  
                  INV_X4                     A  
                  INV_X8                    ZN  
                  INV_X8                     A  
               LOGIC0_X1                     Z  
               LOGIC1_X1                     Z  
                 MUX2_X1                     Z  
                 MUX2_X1                     S  
                 MUX2_X1                     B  
                 MUX2_X1                     A  
                 MUX2_X2                     Z  
                 MUX2_X2                     S  
                 MUX2_X2                     B  
                 MUX2_X2                     A  
                NAND2_X1                    ZN  
                NAND2_X1                    A2  
                NAND2_X1                    A1  
                NAND2_X2                    ZN  
                NAND2_X2                    A2  
                NAND2_X2                    A1  
                NAND2_X4                    ZN  
                NAND2_X4                    A2  
                NAND2_X4                    A1  
                NAND3_X1                    ZN  
                NAND3_X1                    A3  
                NAND3_X1                    A2  
                NAND3_X1                    A1  
                NAND3_X2                    ZN  
                NAND3_X2                    A3  
                NAND3_X2                    A2  
                NAND3_X2                    A1  
                NAND3_X4                    ZN  
                NAND3_X4                    A3  
                NAND3_X4                    A2  
                NAND3_X4                    A1  
                NAND4_X1                    ZN  
                NAND4_X1                    A4  
                NAND4_X1                    A3  
                NAND4_X1                    A2  
                NAND4_X1                    A1  
                NAND4_X2                    ZN  
                NAND4_X2                    A4  
                NAND4_X2                    A3  
                NAND4_X2                    A2  
                NAND4_X2                    A1  
                NAND4_X4                    ZN  
                NAND4_X4                    A4  
                NAND4_X4                    A3  
                NAND4_X4                    A2  
                NAND4_X4                    A1  
                 NOR2_X1                    ZN  
                 NOR2_X1                    A2  
                 NOR2_X1                    A1  
                 NOR2_X2                    ZN  
                 NOR2_X2                    A2  
                 NOR2_X2                    A1  
                 NOR2_X4                    ZN  
                 NOR2_X4                    A2  
                 NOR2_X4                    A1  
                 NOR3_X1                    ZN  
                 NOR3_X1                    A3  
                 NOR3_X1                    A2  
                 NOR3_X1                    A1  
                 NOR3_X2                    ZN  
                 NOR3_X2                    A3  
                 NOR3_X2                    A2  
                 NOR3_X2                    A1  
                 NOR3_X4                    ZN  
                 NOR3_X4                    A3  
                 NOR3_X4                    A2  
                 NOR3_X4                    A1  
                 NOR4_X1                    ZN  
                 NOR4_X1                    A4  
                 NOR4_X1                    A3  
                 NOR4_X1                    A2  
                 NOR4_X1                    A1  
                 NOR4_X2                    ZN  
                 NOR4_X2                    A4  
                 NOR4_X2                    A3  
                 NOR4_X2                    A2  
                 NOR4_X2                    A1  
                 NOR4_X4                    ZN  
                 NOR4_X4                    A4  
                 NOR4_X4                    A3  
                 NOR4_X4                    A2  
                 NOR4_X4                    A1  
               OAI211_X1                    ZN  
               OAI211_X1                    C2  
               OAI211_X1                    C1  
               OAI211_X1                     B  
               OAI211_X1                     A  
               OAI211_X2                    ZN  
               OAI211_X2                    C2  
               OAI211_X2                    C1  
               OAI211_X2                     B  
               OAI211_X2                     A  
               OAI211_X4                    ZN  
               OAI211_X4                    C2  
               OAI211_X4                    C1  
               OAI211_X4                     B  
               OAI211_X4                     A  
                OAI21_X1                    ZN  
                OAI21_X1                    B2  
                OAI21_X1                    B1  
                OAI21_X1                     A  
                OAI21_X2                    ZN  
                OAI21_X2                    B2  
                OAI21_X2                    B1  
                OAI21_X2                     A  
                OAI21_X4                    ZN  
                OAI21_X4                    B2  
                OAI21_X4                    B1  
                OAI21_X4                     A  
               OAI221_X1                    ZN  
               OAI221_X1                    C2  
               OAI221_X1                    C1  
               OAI221_X1                    B2  
               OAI221_X1                    B1  
               OAI221_X1                     A  
               OAI221_X2                    ZN  
               OAI221_X2                    C2  
               OAI221_X2                    C1  
               OAI221_X2                    B2  
               OAI221_X2                    B1  
               OAI221_X2                     A  
               OAI221_X4                    ZN  
               OAI221_X4                    C2  
               OAI221_X4                    C1  
               OAI221_X4                    B2  
               OAI221_X4                    B1  
               OAI221_X4                     A  
               OAI222_X1                    ZN  
               OAI222_X1                    C2  
               OAI222_X1                    C1  
               OAI222_X1                    B2  
               OAI222_X1                    B1  
               OAI222_X1                    A2  
               OAI222_X1                    A1  
               OAI222_X2                    ZN  
               OAI222_X2                    C2  
               OAI222_X2                    C1  
               OAI222_X2                    B2  
               OAI222_X2                    B1  
               OAI222_X2                    A2  
               OAI222_X2                    A1  
               OAI222_X4                    ZN  
               OAI222_X4                    C2  
               OAI222_X4                    C1  
               OAI222_X4                    B2  
               OAI222_X4                    B1  
               OAI222_X4                    A2  
               OAI222_X4                    A1  
                OAI22_X1                    ZN  
                OAI22_X1                    B2  
                OAI22_X1                    B1  
                OAI22_X1                    A2  
                OAI22_X1                    A1  
                OAI22_X2                    ZN  
                OAI22_X2                    B2  
                OAI22_X2                    B1  
                OAI22_X2                    A2  
                OAI22_X2                    A1  
                OAI22_X4                    ZN  
                OAI22_X4                    B2  
                OAI22_X4                    B1  
                OAI22_X4                    A2  
                OAI22_X4                    A1  
                OAI33_X1                    ZN  
                OAI33_X1                    B3  
                OAI33_X1                    B2  
                OAI33_X1                    B1  
                OAI33_X1                    A3  
                OAI33_X1                    A2  
                OAI33_X1                    A1  
                  OR2_X1                    ZN  
                  OR2_X1                    A2  
                  OR2_X1                    A1  
                  OR2_X2                    ZN  
                  OR2_X2                    A2  
                  OR2_X2                    A1  
                  OR2_X4                    ZN  
                  OR2_X4                    A2  
                  OR2_X4                    A1  
                  OR3_X1                    ZN  
                  OR3_X1                    A3  
                  OR3_X1                    A2  
                  OR3_X1                    A1  
                  OR3_X2                    ZN  
                  OR3_X2                    A3  
                  OR3_X2                    A2  
                  OR3_X2                    A1  
                  OR3_X4                    ZN  
                  OR3_X4                    A3  
                  OR3_X4                    A2  
                  OR3_X4                    A1  
                  OR4_X1                    ZN  
                  OR4_X1                    A4  
                  OR4_X1                    A3  
                  OR4_X1                    A2  
                  OR4_X1                    A1  
                  OR4_X2                    ZN  
                  OR4_X2                    A4  
                  OR4_X2                    A3  
                  OR4_X2                    A2  
                  OR4_X2                    A1  
                  OR4_X4                    ZN  
                  OR4_X4                    A4  
                  OR4_X4                    A3  
                  OR4_X4                    A2  
                  OR4_X4                    A1  
               SDFFRS_X1                    QN  
               SDFFRS_X1                     Q  
               SDFFRS_X1                    CK  
               SDFFRS_X1                    SN  
               SDFFRS_X1                    SI  
               SDFFRS_X1                    SE  
               SDFFRS_X1                    RN  
               SDFFRS_X1                     D  
               SDFFRS_X2                    QN  
               SDFFRS_X2                     Q  
               SDFFRS_X2                    CK  
               SDFFRS_X2                    SN  
               SDFFRS_X2                    SI  
               SDFFRS_X2                    SE  
               SDFFRS_X2                    RN  
               SDFFRS_X2                     D  
                SDFFR_X1                    QN  
                SDFFR_X1                     Q  
                SDFFR_X1                    CK  
                SDFFR_X1                    SI  
                SDFFR_X1                    SE  
                SDFFR_X1                    RN  
                SDFFR_X1                     D  
                SDFFR_X2                    QN  
                SDFFR_X2                     Q  
                SDFFR_X2                    CK  
                SDFFR_X2                    SI  
                SDFFR_X2                    SE  
                SDFFR_X2                    RN  
                SDFFR_X2                     D  
                SDFFS_X1                    QN  
                SDFFS_X1                     Q  
                SDFFS_X1                    CK  
                SDFFS_X1                    SN  
                SDFFS_X1                    SI  
                SDFFS_X1                    SE  
                SDFFS_X1                     D  
                SDFFS_X2                    QN  
                SDFFS_X2                     Q  
                SDFFS_X2                    CK  
                SDFFS_X2                    SN  
                SDFFS_X2                    SI  
                SDFFS_X2                    SE  
                SDFFS_X2                     D  
                 SDFF_X1                    QN  
                 SDFF_X1                     Q  
                 SDFF_X1                    CK  
                 SDFF_X1                    SI  
                 SDFF_X1                    SE  
                 SDFF_X1                     D  
                 SDFF_X2                    QN  
                 SDFF_X2                     Q  
                 SDFF_X2                    CK  
                 SDFF_X2                    SI  
                 SDFF_X2                    SE  
                 SDFF_X2                     D  
                 TBUF_X1                     Z  
                 TBUF_X1                    EN  
                 TBUF_X1                     A  
                TBUF_X16                     Z  
                TBUF_X16                    EN  
                TBUF_X16                     A  
                 TBUF_X2                     Z  
                 TBUF_X2                    EN  
                 TBUF_X2                     A  
                 TBUF_X4                     Z  
                 TBUF_X4                    EN  
                 TBUF_X4                     A  
                 TBUF_X8                     Z  
                 TBUF_X8                    EN  
                 TBUF_X8                     A  
                 TINV_X1                    ZN  
                 TINV_X1                     I  
                 TINV_X1                    EN  
                 TLAT_X1                     Q  
                 TLAT_X1                    OE  
                 TLAT_X1                     G  
                 TLAT_X1                     D  
                XNOR2_X1                    ZN  
                XNOR2_X1                     B  
                XNOR2_X1                     A  
                XNOR2_X2                    ZN  
                XNOR2_X2                     B  
                XNOR2_X2                     A  
                 XOR2_X1                     Z  
                 XOR2_X1                     B  
                 XOR2_X1                     A  
                 XOR2_X2                     Z  
                 XOR2_X2                     B  
                 XOR2_X2                     A  For more information click here  
# Cells Missing LEF Info: 0  
# Cells with Dimension Errors: 0  

==============================
Netlist Information
==============================
# HFO (>200) Nets: 1  
    General Caution:
        1) These nets will affect your zero wireload timing analysis. You should cross-reference this list against your timing report to see if these nets are the reason for failing paths. Since physical buffer trees will be created during optimization, large delays should be reduced.

        2) Consider using CTS to build physical trees for these nets, if you are not satisfied with the default optimization output.

    HFO (>200) Nets  Fanout  
                CLK     211  
# No-driven Nets: 0  
# Multi-driven Nets: 0  
# Assign Statements: 0  
Is Design Uniquified: YES  
# Pins in Netlist without timing lib: 0  

==============================

==============================
: Internal  External  
No of Nets:       3858           0  
No of Connections:       8109           0  
Total Net Length (X): 1.5009e+04  0.0000e+00  
Total Net Length (Y): 1.4214e+04  0.0000e+00  
Total Net Length: 2.9223e+04  0.0000e+00  

==============================
Timing Information
==============================
# Clocks in design: 
    ------------------------------
    Clocks in Design
    ------------------------------
    @  
    *  
    MY_CLK  3  
# Generated clocks: 0  
# "dont_use" cells from .libs: 
    ------------------------------
    Dont_use Cell List
    ------------------------------
    ANTENNA_X1  
    FILLCELL_X1  
    FILLCELL_X16  
    FILLCELL_X2  
    FILLCELL_X32  
    FILLCELL_X4  
    FILLCELL_X8  
    LOGIC0_X1  
    LOGIC1_X1  9  
# "dont_touch" cells from .libs: 
    ------------------------------
    Dont_touch Cell List
    ------------------------------
    ANTENNA_X1  
    FILLCELL_X1  
    FILLCELL_X16  
    FILLCELL_X2  
    FILLCELL_X32  
    FILLCELL_X4  
    FILLCELL_X8  
    LOGIC0_X1  
    LOGIC1_X1  9  
# Cells in .lib with max_tran: 
    ------------------------------
    Cell List with max_tran
    ------------------------------
               Cell Name  Max Transition (ps)  
                 AND2_X1  198  
                 AND2_X2  198  
                 AND2_X4  198  
                 AND3_X1  198  
                 AND3_X2  198  
                 AND3_X4  198  
                 AND4_X1  198  
                 AND4_X2  198  
                 AND4_X4  198  
              ANTENNA_X1  198  
               AOI211_X1  198  
               AOI211_X2  198  
               AOI211_X4  198  
                AOI21_X1  198  
                AOI21_X2  198  
                AOI21_X4  198  
               AOI221_X1  198  
               AOI221_X2  198  
               AOI221_X4  198  
               AOI222_X1  198  
               AOI222_X2  198  
               AOI222_X4  198  
                AOI22_X1  198  
                AOI22_X2  198  
                AOI22_X4  198  
                  BUF_X1  198  
                 BUF_X16  198  
                  BUF_X2  198  
                 BUF_X32  198  
                  BUF_X4  198  
                  BUF_X8  198  
               CLKBUF_X1  198  
               CLKBUF_X2  198  
               CLKBUF_X3  198  
           CLKGATETST_X1  198  
           CLKGATETST_X2  198  
           CLKGATETST_X4  198  
           CLKGATETST_X8  198  
              CLKGATE_X1  198  
              CLKGATE_X2  198  
              CLKGATE_X4  198  
              CLKGATE_X8  198  
                DFFRS_X1  198  
                DFFRS_X2  198  
                 DFFR_X1  198  
                 DFFR_X2  198  
                 DFFS_X1  198  
                 DFFS_X2  198  
                  DFF_X1  198  
                  DFF_X2  198  
                  DLH_X1  198  
                  DLH_X2  198  
                  DLL_X1  198  
                  DLL_X2  198  
                   FA_X1  198  
                   HA_X1  198  
                  INV_X1  198  
                 INV_X16  198  
                  INV_X2  198  
                 INV_X32  198  
                  INV_X4  198  
                  INV_X8  198  
               LOGIC0_X1  198  
               LOGIC1_X1  198  
                 MUX2_X1  198  
                 MUX2_X2  198  
                NAND2_X1  198  
                NAND2_X2  198  
                NAND2_X4  198  
                NAND3_X1  198  
                NAND3_X2  198  
                NAND3_X4  198  
                NAND4_X1  198  
                NAND4_X2  198  
                NAND4_X4  198  
                 NOR2_X1  198  
                 NOR2_X2  198  
                 NOR2_X4  198  
                 NOR3_X1  198  
                 NOR3_X2  198  
                 NOR3_X4  198  
                 NOR4_X1  198  
                 NOR4_X2  198  
                 NOR4_X4  198  
               OAI211_X1  198  
               OAI211_X2  198  
               OAI211_X4  198  
                OAI21_X1  198  
                OAI21_X2  198  
                OAI21_X4  198  
               OAI221_X1  198  
               OAI221_X2  198  
               OAI221_X4  198  
               OAI222_X1  198  
               OAI222_X2  198  
               OAI222_X4  198  
                OAI22_X1  198  
                OAI22_X2  198  
                OAI22_X4  198  
                OAI33_X1  198  
                  OR2_X1  198  
                  OR2_X2  198  
                  OR2_X4  198  
                  OR3_X1  198  
                  OR3_X2  198  
                  OR3_X4  198  
                  OR4_X1  198  
                  OR4_X2  198  
                  OR4_X4  198  
               SDFFRS_X1  198  
               SDFFRS_X2  198  
                SDFFR_X1  198  
                SDFFR_X2  198  
                SDFFS_X1  198  
                SDFFS_X2  198  
                 SDFF_X1  198  
                 SDFF_X2  198  
                 TBUF_X1  198  
                TBUF_X16  198  
                 TBUF_X2  198  
                 TBUF_X4  198  
                 TBUF_X8  198  
                 TINV_X1  198  
                 TLAT_X1  198  
                XNOR2_X1  198  
                XNOR2_X2  198  
                 XOR2_X1  198  
                 XOR2_X2  198  128  
# Cells in .lib with max_cap: 
    ------------------------------
    Cell List with max_cap
    ------------------------------
               Cell Name  Max Capacitance (pf)  
                 AND2_X1  0.060577  
                 AND2_X2  0.120850  
                 AND2_X4  0.241699  
                 AND3_X1  0.060425  
                 AND3_X2  0.120544  
                 AND3_X4  0.241089  
                 AND4_X1  0.060272  
                 AND4_X2  0.120392  
                 AND4_X4  0.241089  
               AOI211_X1  0.014496  
               AOI211_X2  0.028992  
               AOI211_X4  0.242310  
                AOI21_X1  0.025330  
                AOI21_X2  0.050659  
                AOI21_X4  0.101013  
               AOI221_X1  0.013809  
               AOI221_X2  0.027618  
               AOI221_X4  0.242310  
               AOI222_X1  0.013008  
               AOI222_X2  0.025635  
               AOI222_X4  0.242310  
                AOI22_X1  0.024605  
                AOI22_X2  0.049133  
                AOI22_X4  0.097961  
                  BUF_X1  0.060654  
                 BUF_X16  0.965576  
                  BUF_X2  0.121155  
                 BUF_X32  1.904300  
                  BUF_X4  0.242310  
                  BUF_X8  0.484009  
               CLKBUF_X1  0.060730  
               CLKBUF_X2  0.121460  
               CLKBUF_X3  0.181885  
           CLKGATETST_X1  0.060730  
           CLKGATETST_X2  0.121460  
           CLKGATETST_X4  0.242920  
           CLKGATETST_X8  0.484619  
              CLKGATE_X1  0.060730  
              CLKGATE_X2  0.121307  
              CLKGATE_X4  0.242310  
              CLKGATE_X8  0.484619  
                DFFRS_X1  0.060272  
                DFFRS_X2  0.120850  
                 DFFR_X1  0.060272  
                 DFFR_X2  0.120544  
                 DFFS_X1  0.060272  
                 DFFS_X2  0.120544  
                  DFF_X1  0.060272  
                  DFF_X2  0.120544  
                  DLH_X1  0.060577  
                  DLH_X2  0.120697  
                  DLL_X1  0.060272  
                  DLL_X2  0.120544  
                   FA_X1  0.060272  
                   HA_X1  0.025253  
                  INV_X1  0.060730  
                 INV_X16  0.969238  
                  INV_X2  0.121460  
                 INV_X32  1.923830  
                  INV_X4  0.242920  
                  INV_X8  0.485229  
                 MUX2_X1  0.060501  
                 MUX2_X2  0.120850  
                NAND2_X1  0.059357  
                NAND2_X2  0.118713  
                NAND2_X4  0.237427  
                NAND3_X1  0.058365  
                NAND3_X2  0.116272  
                NAND3_X4  0.233154  
                NAND4_X1  0.056000  
                NAND4_X2  0.111542  
                NAND4_X4  0.222778  
                 NOR2_X1  0.026703  
                 NOR2_X2  0.053406  
                 NOR2_X4  0.106811  
                 NOR3_X1  0.016022  
                 NOR3_X2  0.031738  
                 NOR3_X4  0.063324  
                 NOR4_X1  0.010471  
                 NOR4_X2  0.020905  
                 NOR4_X4  0.041504  
               OAI211_X1  0.025559  
               OAI211_X2  0.050812  
               OAI211_X4  0.101624  
                OAI21_X1  0.026054  
                OAI21_X2  0.052109  
                OAI21_X4  0.104065  
               OAI221_X1  0.022163  
               OAI221_X2  0.043869  
               OAI221_X4  0.242310  
               OAI222_X1  0.020065  
               OAI222_X2  0.039597  
               OAI222_X4  0.242310  
                OAI22_X1  0.023232  
                OAI22_X2  0.046310  
                OAI22_X4  0.092468  
                OAI33_X1  0.011482  
                  OR2_X1  0.060577  
                  OR2_X2  0.121155  
                  OR2_X4  0.242310  
                  OR3_X1  0.060577  
                  OR3_X2  0.121155  
                  OR3_X4  0.242310  
                  OR4_X1  0.060577  
                  OR4_X2  0.120850  
                  OR4_X4  0.241699  
               SDFFRS_X1  0.060577  
               SDFFRS_X2  0.120850  
                SDFFR_X1  0.060425  
                SDFFR_X2  0.121155  
                SDFFS_X1  0.060577  
                SDFFS_X2  0.120850  
                 SDFF_X1  0.060425  
                 SDFF_X2  0.121155  
                 TBUF_X1  0.051575  
                TBUF_X16  0.820312  
                 TBUF_X2  0.103607  
                 TBUF_X4  0.206909  
                 TBUF_X8  0.412598  
                 TINV_X1  0.022621  
                 TLAT_X1  0.022583  
                XNOR2_X1  0.026016  
                XNOR2_X2  0.052033  
                 XOR2_X1  0.025330  
                 XOR2_X2  0.050507  125  
# Cells in .lib with max_fanout: 0  
SDC max_cap: N/A  
SDC max_tran: N/A  
SDC max_fanout: N/A  
Default Ext. Scale Factor: 1.000  
Detail Ext. Scale Factor: 1.000  

==============================
Floorplan/Placement Information
==============================
Total area of Standard cells: 10456.992 um^2  
Total area of Standard cells(Subtracting Physical Cells): 6227.326 um^2  
Total area of Macros: 0.000 um^2  
Total area of Blockages: 0.000 um^2  
Total area of Pad cells: 0.000 um^2  
Total area of Core: 10456.992 um^2  
Total area of Chip: 12640.320 um^2  
Effective Utilization: 1.0000e+00  
Number of Cell Rows: 72  
% Pure Gate Density #1 (Subtracting BLOCKAGES): 100.000%  
% Pure Gate Density #2 (Subtracting BLOCKAGES and Physical Cells): 59.552%  
% Pure Gate Density #3 (Subtracting MACROS): 100.000%  
% Pure Gate Density #4 (Subtracting MACROS and Physical Cells): 59.552%  
% Pure Gate Density #5 (Subtracting MACROS and BLOCKAGES): 100.000%  
% Pure Gate Density #6 (Subtracting MACROS and BLOCKAGES for insts are not placed): 59.552%  
% Core Density (Counting Std Cells and MACROs): 100.000%  
% Core Density #2(Subtracting Physical Cells): 59.552%  
% Chip Density (Counting Std Cells and MACROs and IOs): 82.727%  
% Chip Density #2(Subtracting Physical Cells): 49.266%  
# Macros within 5 sites of IO pad: No  
Macro halo defined?: No  

==============================
Wire Length Distribution
==============================
Total metal1 wire length: 1993.3500 um  
Total metal2 wire length: 14841.8650 um  
Total metal3 wire length: 13966.6400 um  
Total metal4 wire length: 2186.1000 um  
Total metal5 wire length: 0.0000 um  
Total metal6 wire length: 0.0000 um  
Total metal7 wire length: 0.0000 um  
Total metal8 wire length: 0.0000 um  
Total metal9 wire length: 0.0000 um  
Total metal10 wire length: 0.0000 um  
Total wire length: 32987.9550 um  
Average wire length/net: 8.5461 um  
Area of Power Net Distribution: 
    ------------------------------
    Area of Power Net Distribution
    ------------------------------
    Layer Name  Area of Power Net  Routable Area  Percentage  
    metal1  852.6723  10456.9920  8.1541%  
    metal2  168.0640  10456.9920  1.6072%  
    metal3  0.0000  10456.9920  0.0000%  
    metal4  0.0000  10456.9920  0.0000%  
    metal5  0.0000  10456.9920  0.0000%  
    metal6  0.0000  10456.9920  0.0000%  
    metal7  0.0000  10456.9920  0.0000%  
    metal8  0.0000  10456.9920  0.0000%  
    metal9  0.0000  10456.9920  0.0000%  
    metal10  0.0000  10456.9920  0.0000%  For more information click here  
